<?xml version="1.0" encoding="UTF-8"?>
<!-- Generated by org.testng.reporters.JUnitXMLReporter -->
<testsuite ignored="1" hostname="LAPTOP-QLIPULCU" failures="0" tests="2" name="standalonedatadriven " time="12.778" errors="0" timestamp="2023-02-10T12:29:18 IST">
  <testcase classname="seleniumframework.test.standalonedatadriven" name="SubmitOrder" time="7.464"/>
  <testcase classname="seleniumframework.test.standalonedatadriven" name="SubmitOrder" time="5.217"/>
  <testcase classname="seleniumframework.test.standalonedatadriven" name="orderHistoryTest" time="0.0">
    <ignored/>
  </testcase> <!-- orderHistoryTest -->
</testsuite> <!-- standalonedatadriven  -->
