<?xml version="1.0" encoding="UTF-8"?>
<!-- Generated by org.testng.reporters.JUnitXMLReporter -->
<testsuite ignored="1" hostname="LAPTOP-QLIPULCU" failures="0" tests="2" name="standalonedatadriven " time="45.351" errors="0" timestamp="2023-02-10T16:28:12 IST">
  <testcase classname="seleniumframework.test.standalonedatadriven" name="SubmitOrder" time="22.583"/>
  <testcase classname="seleniumframework.test.standalonedatadriven" name="SubmitOrder" time="22.709"/>
  <testcase classname="seleniumframework.test.standalonedatadriven" name="orderHistoryTest" time="0.0">
    <ignored/>
  </testcase> <!-- orderHistoryTest -->
</testsuite> <!-- standalonedatadriven  -->
